<?xml version="1.0" encoding="UTF-8"?>
<!-- Generated by org.testng.reporters.JUnitReportReporter -->
<testsuite hostname="DESKTOP-G8KE0A0" failures="0" tests="1" name="tests.taskTest.FirstTaskTest" time="13.529" errors="0" timestamp="2023-05-27T13:24:30 EEST" skipped="0">
  <testcase classname="tests.taskTest.FirstTaskTest" name="Try" time="13.529"/>
  <system-out/>
</testsuite> <!-- tests.taskTest.FirstTaskTest -->
