<?xml version="1.0" encoding="UTF-8"?>
<!-- Generated by org.testng.reporters.JUnitReportReporter -->
<testsuite hostname="DESKTOP-G8KE0A0" failures="0" tests="1" name="tests.taskTest.FirstTaskTest" time="10.744" errors="0" timestamp="2023-05-26T11:53:08 EEST" skipped="0">
  <testcase classname="tests.taskTest.FirstTaskTest" name="Try" time="10.744"/>
  <system-out/>
</testsuite> <!-- tests.taskTest.FirstTaskTest -->
