<?xml version="1.0" encoding="UTF-8"?>
<!-- Generated by org.testng.reporters.JUnitReportReporter -->
<testsuite hostname="DESKTOP-G8KE0A0" failures="0" tests="1" name="tests.taskTest.FirstTaskTest" time="8.474" errors="0" timestamp="2023-05-27T13:36:04 EEST" skipped="0">
  <testcase classname="tests.taskTest.FirstTaskTest" name="Try" time="8.474"/>
  <system-out/>
</testsuite> <!-- tests.taskTest.FirstTaskTest -->
